<?xml version="1.0" encoding="UTF-8"?>
<!-- Generated by org.testng.reporters.JUnitReportReporter -->
<testsuite hostname="DESKTOP-E1SNOS9" failures="0" tests="3" name="Automation.ParameterByDataprovider" time="9.403" errors="0" timestamp="2024-03-26T11:24:31 EET" skipped="0">
  <testcase classname="Automation.ParameterByDataprovider" name="testMethod" time="3.187"/>
  <system-out/>
  <testcase classname="Automation.ParameterByDataprovider" name="testMethod" time="3.087"/>
  <system-out/>
  <testcase classname="Automation.ParameterByDataprovider" name="testMethod" time="3.129"/>
  <system-out/>
</testsuite> <!-- Automation.ParameterByDataprovider -->
