<?xml version="1.0" encoding="UTF-8"?>
<!-- Generated by org.testng.reporters.JUnitReportReporter -->
<testsuite hostname="DESKTOP-E1SNOS9" failures="0" tests="2" name="Automation.Sequencing" time="0.029" errors="0" timestamp="2024-03-25T11:55:04 EET" skipped="0">
  <testcase classname="Automation.Sequencing" name="testCase2" time="0.022"/>
  <system-out/>
  <testcase classname="Automation.Sequencing" name="testCase1" time="0.007"/>
  <system-out/>
</testsuite> <!-- Automation.Sequencing -->
