<?xml version="1.0" encoding="UTF-8"?>
<!-- Generated by org.testng.reporters.JUnitReportReporter -->
<testsuite hostname="DESKTOP-E1SNOS9" failures="0" tests="1" name="homework2.TestNGHomework2" time="36.028" errors="0" timestamp="2024-03-28T11:14:46 EET" skipped="0">
  <testcase classname="homework2.TestNGHomework2" name="f" time="36.028"/>
  <system-out/>
</testsuite> <!-- homework2.TestNGHomework2 -->
