<?xml version="1.0" encoding="UTF-8"?>
<!-- Generated by org.testng.reporters.JUnitReportReporter -->
<testsuite hostname="DESKTOP-E1SNOS9" failures="0" tests="3" name="Automation.ParameterByDataprovider" time="9.467" errors="0" timestamp="2024-03-28T09:07:46 EET" skipped="0">
  <testcase classname="Automation.ParameterByDataprovider" name="testMethod" time="3.195"/>
  <system-out/>
  <testcase classname="Automation.ParameterByDataprovider" name="testMethod" time="3.118"/>
  <system-out/>
  <testcase classname="Automation.ParameterByDataprovider" name="testMethod" time="3.154"/>
  <system-out/>
</testsuite> <!-- Automation.ParameterByDataprovider -->
