<?xml version="1.0" encoding="UTF-8"?>
<!-- Generated by org.testng.reporters.JUnitReportReporter -->
<testsuite hostname="DESKTOP-E1SNOS9" failures="0" tests="1" name="Automation.NewTest" time="10.581" errors="0" timestamp="2024-03-26T10:31:58 EET" skipped="0">
  <testcase classname="Automation.NewTest" name="testParameterWithXML" time="10.581"/>
  <system-out/>
</testsuite> <!-- Automation.NewTest -->
